[3.640s] Invoking command in '/home/aaltindas/DEOS/deos_ws/src/planning/mission_planning': DEBUGINFOD_URLS=https://debuginfod.ubuntu.com PS1=(deos_env) \[\e]0;\u@\h: \w\a\]${debian_chroot:+($debian_chroot)}\[\033[01;32m\]\u@\h\[\033[00m\]:\[\033[01;34m\]\w\[\033[00m\]\$ PYTHONPATH=/home/aaltindas/DEOS/deos_ws/build/mission_planning/prefix_override:/usr/lib/python3/dist-packages/colcon_core/task/python/colcon_distutils_commands:/home/aaltindas/DEOS/deos_ws/install/mission_planning/lib/python3.12/site-packages:${PYTHONPATH} VIRTUAL_ENV_PROMPT=(deos_env) /usr/bin/python3 -W ignore:setup.py install is deprecated -W ignore:easy_install command is deprecated setup.py egg_info --egg-base ../../../build/mission_planning build --build-base /home/aaltindas/DEOS/deos_ws/build/mission_planning/build install --record /home/aaltindas/DEOS/deos_ws/build/mission_planning/install.log --single-version-externally-managed install_data
[4.520s] running egg_info
[4.520s] creating ../../../build/mission_planning/mission_planning.egg-info
[4.561s] writing ../../../build/mission_planning/mission_planning.egg-info/PKG-INFO
[4.561s] writing dependency_links to ../../../build/mission_planning/mission_planning.egg-info/dependency_links.txt
[4.561s] writing requirements to ../../../build/mission_planning/mission_planning.egg-info/requires.txt
[4.561s] writing top-level names to ../../../build/mission_planning/mission_planning.egg-info/top_level.txt
[4.561s] writing manifest file '../../../build/mission_planning/mission_planning.egg-info/SOURCES.txt'
[4.714s] reading manifest file '../../../build/mission_planning/mission_planning.egg-info/SOURCES.txt'
[4.715s] writing manifest file '../../../build/mission_planning/mission_planning.egg-info/SOURCES.txt'
[4.716s] running build
[4.717s] running build_py
[4.717s] creating /home/aaltindas/DEOS/deos_ws/build/mission_planning/build
[4.717s] creating /home/aaltindas/DEOS/deos_ws/build/mission_planning/build/lib
[4.721s] creating /home/aaltindas/DEOS/deos_ws/build/mission_planning/build/lib/mission_planning
[4.721s] copying mission_planning/__init__.py -> /home/aaltindas/DEOS/deos_ws/build/mission_planning/build/lib/mission_planning
[4.728s] running install
[4.745s] running install_lib
[4.808s] creating /home/aaltindas/DEOS/deos_ws/install/mission_planning/lib/python3.12/site-packages/mission_planning
[4.808s] copying /home/aaltindas/DEOS/deos_ws/build/mission_planning/build/lib/mission_planning/__init__.py -> /home/aaltindas/DEOS/deos_ws/install/mission_planning/lib/python3.12/site-packages/mission_planning
[4.808s] byte-compiling /home/aaltindas/DEOS/deos_ws/install/mission_planning/lib/python3.12/site-packages/mission_planning/__init__.py to __init__.cpython-312.pyc
[4.811s] running install_data
[4.811s] creating /home/aaltindas/DEOS/deos_ws/install/mission_planning/share/ament_index
[4.812s] creating /home/aaltindas/DEOS/deos_ws/install/mission_planning/share/ament_index/resource_index
[4.812s] creating /home/aaltindas/DEOS/deos_ws/install/mission_planning/share/ament_index/resource_index/packages
[4.812s] copying resource/mission_planning -> /home/aaltindas/DEOS/deos_ws/install/mission_planning/share/ament_index/resource_index/packages
[4.812s] copying package.xml -> /home/aaltindas/DEOS/deos_ws/install/mission_planning/share/mission_planning
[4.812s] running install_egg_info
[4.946s] Copying ../../../build/mission_planning/mission_planning.egg-info to /home/aaltindas/DEOS/deos_ws/install/mission_planning/lib/python3.12/site-packages/mission_planning-0.0.0-py3.12.egg-info
[4.948s] running install_scripts
[5.359s] writing list of installed files to '/home/aaltindas/DEOS/deos_ws/build/mission_planning/install.log'
[5.559s] Invoked command in '/home/aaltindas/DEOS/deos_ws/src/planning/mission_planning' returned '0': DEBUGINFOD_URLS=https://debuginfod.ubuntu.com PS1=(deos_env) \[\e]0;\u@\h: \w\a\]${debian_chroot:+($debian_chroot)}\[\033[01;32m\]\u@\h\[\033[00m\]:\[\033[01;34m\]\w\[\033[00m\]\$ PYTHONPATH=/home/aaltindas/DEOS/deos_ws/build/mission_planning/prefix_override:/usr/lib/python3/dist-packages/colcon_core/task/python/colcon_distutils_commands:/home/aaltindas/DEOS/deos_ws/install/mission_planning/lib/python3.12/site-packages:${PYTHONPATH} VIRTUAL_ENV_PROMPT=(deos_env) /usr/bin/python3 -W ignore:setup.py install is deprecated -W ignore:easy_install command is deprecated setup.py egg_info --egg-base ../../../build/mission_planning build --build-base /home/aaltindas/DEOS/deos_ws/build/mission_planning/build install --record /home/aaltindas/DEOS/deos_ws/build/mission_planning/install.log --single-version-externally-managed install_data
