running egg_info
creating ../../../build/local_navigation/local_navigation.egg-info
writing ../../../build/local_navigation/local_navigation.egg-info/PKG-INFO
writing dependency_links to ../../../build/local_navigation/local_navigation.egg-info/dependency_links.txt
writing requirements to ../../../build/local_navigation/local_navigation.egg-info/requires.txt
writing top-level names to ../../../build/local_navigation/local_navigation.egg-info/top_level.txt
writing manifest file '../../../build/local_navigation/local_navigation.egg-info/SOURCES.txt'
reading manifest file '../../../build/local_navigation/local_navigation.egg-info/SOURCES.txt'
writing manifest file '../../../build/local_navigation/local_navigation.egg-info/SOURCES.txt'
running build
running build_py
creating /home/aaltindas/DEOS/deos_ws/build/local_navigation/build
creating /home/aaltindas/DEOS/deos_ws/build/local_navigation/build/lib
creating /home/aaltindas/DEOS/deos_ws/build/local_navigation/build/lib/local_navigation
copying local_navigation/__init__.py -> /home/aaltindas/DEOS/deos_ws/build/local_navigation/build/lib/local_navigation
running install
running install_lib
creating /home/aaltindas/DEOS/deos_ws/install/local_navigation/lib/python3.12/site-packages/local_navigation
copying /home/aaltindas/DEOS/deos_ws/build/local_navigation/build/lib/local_navigation/__init__.py -> /home/aaltindas/DEOS/deos_ws/install/local_navigation/lib/python3.12/site-packages/local_navigation
byte-compiling /home/aaltindas/DEOS/deos_ws/install/local_navigation/lib/python3.12/site-packages/local_navigation/__init__.py to __init__.cpython-312.pyc
running install_data
creating /home/aaltindas/DEOS/deos_ws/install/local_navigation/share/ament_index
creating /home/aaltindas/DEOS/deos_ws/install/local_navigation/share/ament_index/resource_index
creating /home/aaltindas/DEOS/deos_ws/install/local_navigation/share/ament_index/resource_index/packages
copying resource/local_navigation -> /home/aaltindas/DEOS/deos_ws/install/local_navigation/share/ament_index/resource_index/packages
copying package.xml -> /home/aaltindas/DEOS/deos_ws/install/local_navigation/share/local_navigation
running install_egg_info
Copying ../../../build/local_navigation/local_navigation.egg-info to /home/aaltindas/DEOS/deos_ws/install/local_navigation/lib/python3.12/site-packages/local_navigation-0.0.0-py3.12.egg-info
running install_scripts
writing list of installed files to '/home/aaltindas/DEOS/deos_ws/build/local_navigation/install.log'
