[3.992s] Invoking command in '/home/aaltindas/DEOS/deos_ws/src/perception/sensor_fusion': DEBUGINFOD_URLS=https://debuginfod.ubuntu.com PS1=(deos_env) \[\e]0;\u@\h: \w\a\]${debian_chroot:+($debian_chroot)}\[\033[01;32m\]\u@\h\[\033[00m\]:\[\033[01;34m\]\w\[\033[00m\]\$ PYTHONPATH=/home/aaltindas/DEOS/deos_ws/build/sensor_fusion/prefix_override:/usr/lib/python3/dist-packages/colcon_core/task/python/colcon_distutils_commands:/home/aaltindas/DEOS/deos_ws/install/sensor_fusion/lib/python3.12/site-packages:${PYTHONPATH} VIRTUAL_ENV_PROMPT=(deos_env) /usr/bin/python3 -W ignore:setup.py install is deprecated -W ignore:easy_install command is deprecated setup.py egg_info --egg-base ../../../build/sensor_fusion build --build-base /home/aaltindas/DEOS/deos_ws/build/sensor_fusion/build install --record /home/aaltindas/DEOS/deos_ws/build/sensor_fusion/install.log --single-version-externally-managed install_data
[4.910s] running egg_info
[4.910s] creating ../../../build/sensor_fusion/sensor_fusion.egg-info
[4.950s] writing ../../../build/sensor_fusion/sensor_fusion.egg-info/PKG-INFO
[4.950s] writing dependency_links to ../../../build/sensor_fusion/sensor_fusion.egg-info/dependency_links.txt
[4.950s] writing requirements to ../../../build/sensor_fusion/sensor_fusion.egg-info/requires.txt
[4.951s] writing top-level names to ../../../build/sensor_fusion/sensor_fusion.egg-info/top_level.txt
[4.955s] writing manifest file '../../../build/sensor_fusion/sensor_fusion.egg-info/SOURCES.txt'
[5.048s] reading manifest file '../../../build/sensor_fusion/sensor_fusion.egg-info/SOURCES.txt'
[5.050s] writing manifest file '../../../build/sensor_fusion/sensor_fusion.egg-info/SOURCES.txt'
[5.054s] running build
[5.054s] running install
[5.086s] running install_data
[5.087s] creating /home/aaltindas/DEOS/deos_ws/install/sensor_fusion/share/ament_index
[5.087s] creating /home/aaltindas/DEOS/deos_ws/install/sensor_fusion/share/ament_index/resource_index
[5.088s] creating /home/aaltindas/DEOS/deos_ws/install/sensor_fusion/share/ament_index/resource_index/packages
[5.088s] copying resource/sensor_fusion -> /home/aaltindas/DEOS/deos_ws/install/sensor_fusion/share/ament_index/resource_index/packages
[5.088s] copying package.xml -> /home/aaltindas/DEOS/deos_ws/install/sensor_fusion/share/sensor_fusion
[5.088s] creating /home/aaltindas/DEOS/deos_ws/install/sensor_fusion/share/sensor_fusion/launch
[5.088s] creating /home/aaltindas/DEOS/deos_ws/install/sensor_fusion/share/sensor_fusion/config
[5.089s] copying config/ekf.yaml -> /home/aaltindas/DEOS/deos_ws/install/sensor_fusion/share/sensor_fusion/config
[5.089s] running install_egg_info
[5.236s] Copying ../../../build/sensor_fusion/sensor_fusion.egg-info to /home/aaltindas/DEOS/deos_ws/install/sensor_fusion/lib/python3.12/site-packages/sensor_fusion-0.0.0-py3.12.egg-info
[5.239s] running install_scripts
[5.833s] writing list of installed files to '/home/aaltindas/DEOS/deos_ws/build/sensor_fusion/install.log'
[6.336s] Invoked command in '/home/aaltindas/DEOS/deos_ws/src/perception/sensor_fusion' returned '0': DEBUGINFOD_URLS=https://debuginfod.ubuntu.com PS1=(deos_env) \[\e]0;\u@\h: \w\a\]${debian_chroot:+($debian_chroot)}\[\033[01;32m\]\u@\h\[\033[00m\]:\[\033[01;34m\]\w\[\033[00m\]\$ PYTHONPATH=/home/aaltindas/DEOS/deos_ws/build/sensor_fusion/prefix_override:/usr/lib/python3/dist-packages/colcon_core/task/python/colcon_distutils_commands:/home/aaltindas/DEOS/deos_ws/install/sensor_fusion/lib/python3.12/site-packages:${PYTHONPATH} VIRTUAL_ENV_PROMPT=(deos_env) /usr/bin/python3 -W ignore:setup.py install is deprecated -W ignore:easy_install command is deprecated setup.py egg_info --egg-base ../../../build/sensor_fusion build --build-base /home/aaltindas/DEOS/deos_ws/build/sensor_fusion/build install --record /home/aaltindas/DEOS/deos_ws/build/sensor_fusion/install.log --single-version-externally-managed install_data
