running egg_info
creating ../../../build/camera/camera.egg-info
writing ../../../build/camera/camera.egg-info/PKG-INFO
writing dependency_links to ../../../build/camera/camera.egg-info/dependency_links.txt
writing requirements to ../../../build/camera/camera.egg-info/requires.txt
writing top-level names to ../../../build/camera/camera.egg-info/top_level.txt
writing manifest file '../../../build/camera/camera.egg-info/SOURCES.txt'
reading manifest file '../../../build/camera/camera.egg-info/SOURCES.txt'
writing manifest file '../../../build/camera/camera.egg-info/SOURCES.txt'
running build
running build_py
creating /home/aaltindas/DEOS/deos_ws/build/camera/build
creating /home/aaltindas/DEOS/deos_ws/build/camera/build/lib
creating /home/aaltindas/DEOS/deos_ws/build/camera/build/lib/camera
copying camera/__init__.py -> /home/aaltindas/DEOS/deos_ws/build/camera/build/lib/camera
running install
running install_lib
creating /home/aaltindas/DEOS/deos_ws/install/camera/lib/python3.12/site-packages/camera
copying /home/aaltindas/DEOS/deos_ws/build/camera/build/lib/camera/__init__.py -> /home/aaltindas/DEOS/deos_ws/install/camera/lib/python3.12/site-packages/camera
byte-compiling /home/aaltindas/DEOS/deos_ws/install/camera/lib/python3.12/site-packages/camera/__init__.py to __init__.cpython-312.pyc
running install_data
creating /home/aaltindas/DEOS/deos_ws/install/camera/share/ament_index
creating /home/aaltindas/DEOS/deos_ws/install/camera/share/ament_index/resource_index
creating /home/aaltindas/DEOS/deos_ws/install/camera/share/ament_index/resource_index/packages
copying resource/camera -> /home/aaltindas/DEOS/deos_ws/install/camera/share/ament_index/resource_index/packages
copying package.xml -> /home/aaltindas/DEOS/deos_ws/install/camera/share/camera
running install_egg_info
Copying ../../../build/camera/camera.egg-info to /home/aaltindas/DEOS/deos_ws/install/camera/lib/python3.12/site-packages/camera-0.0.0-py3.12.egg-info
running install_scripts
writing list of installed files to '/home/aaltindas/DEOS/deos_ws/build/camera/install.log'
