[4.649s] Invoking command in '/home/aaltindas/DEOS/deos_ws/src/sensors/camera': DEBUGINFOD_URLS=https://debuginfod.ubuntu.com PS1=(deos_env) \[\e]0;\u@\h: \w\a\]${debian_chroot:+($debian_chroot)}\[\033[01;32m\]\u@\h\[\033[00m\]:\[\033[01;34m\]\w\[\033[00m\]\$ PYTHONPATH=/home/aaltindas/DEOS/deos_ws/build/camera/prefix_override:/usr/lib/python3/dist-packages/colcon_core/task/python/colcon_distutils_commands:/home/aaltindas/DEOS/deos_ws/install/camera/lib/python3.12/site-packages:${PYTHONPATH} VIRTUAL_ENV_PROMPT=(deos_env) /usr/bin/python3 -W ignore:setup.py install is deprecated -W ignore:easy_install command is deprecated setup.py egg_info --egg-base ../../../build/camera build --build-base /home/aaltindas/DEOS/deos_ws/build/camera/build install --record /home/aaltindas/DEOS/deos_ws/build/camera/install.log --single-version-externally-managed install_data
[5.444s] running egg_info
[5.449s] creating ../../../build/camera/camera.egg-info
[5.562s] writing ../../../build/camera/camera.egg-info/PKG-INFO
[5.562s] writing dependency_links to ../../../build/camera/camera.egg-info/dependency_links.txt
[5.562s] writing requirements to ../../../build/camera/camera.egg-info/requires.txt
[5.562s] writing top-level names to ../../../build/camera/camera.egg-info/top_level.txt
[5.562s] writing manifest file '../../../build/camera/camera.egg-info/SOURCES.txt'
[5.617s] reading manifest file '../../../build/camera/camera.egg-info/SOURCES.txt'
[5.618s] writing manifest file '../../../build/camera/camera.egg-info/SOURCES.txt'
[5.618s] running build
[5.618s] running build_py
[5.618s] creating /home/aaltindas/DEOS/deos_ws/build/camera/build
[5.618s] creating /home/aaltindas/DEOS/deos_ws/build/camera/build/lib
[5.618s] creating /home/aaltindas/DEOS/deos_ws/build/camera/build/lib/camera
[5.619s] copying camera/__init__.py -> /home/aaltindas/DEOS/deos_ws/build/camera/build/lib/camera
[5.619s] running install
[5.632s] running install_lib
[5.693s] creating /home/aaltindas/DEOS/deos_ws/install/camera/lib/python3.12/site-packages/camera
[5.693s] copying /home/aaltindas/DEOS/deos_ws/build/camera/build/lib/camera/__init__.py -> /home/aaltindas/DEOS/deos_ws/install/camera/lib/python3.12/site-packages/camera
[5.695s] byte-compiling /home/aaltindas/DEOS/deos_ws/install/camera/lib/python3.12/site-packages/camera/__init__.py to __init__.cpython-312.pyc
[5.695s] running install_data
[5.695s] creating /home/aaltindas/DEOS/deos_ws/install/camera/share/ament_index
[5.695s] creating /home/aaltindas/DEOS/deos_ws/install/camera/share/ament_index/resource_index
[5.696s] creating /home/aaltindas/DEOS/deos_ws/install/camera/share/ament_index/resource_index/packages
[5.696s] copying resource/camera -> /home/aaltindas/DEOS/deos_ws/install/camera/share/ament_index/resource_index/packages
[5.696s] copying package.xml -> /home/aaltindas/DEOS/deos_ws/install/camera/share/camera
[5.696s] running install_egg_info
[5.762s] Copying ../../../build/camera/camera.egg-info to /home/aaltindas/DEOS/deos_ws/install/camera/lib/python3.12/site-packages/camera-0.0.0-py3.12.egg-info
[5.765s] running install_scripts
[6.232s] writing list of installed files to '/home/aaltindas/DEOS/deos_ws/build/camera/install.log'
[6.947s] Invoked command in '/home/aaltindas/DEOS/deos_ws/src/sensors/camera' returned '0': DEBUGINFOD_URLS=https://debuginfod.ubuntu.com PS1=(deos_env) \[\e]0;\u@\h: \w\a\]${debian_chroot:+($debian_chroot)}\[\033[01;32m\]\u@\h\[\033[00m\]:\[\033[01;34m\]\w\[\033[00m\]\$ PYTHONPATH=/home/aaltindas/DEOS/deos_ws/build/camera/prefix_override:/usr/lib/python3/dist-packages/colcon_core/task/python/colcon_distutils_commands:/home/aaltindas/DEOS/deos_ws/install/camera/lib/python3.12/site-packages:${PYTHONPATH} VIRTUAL_ENV_PROMPT=(deos_env) /usr/bin/python3 -W ignore:setup.py install is deprecated -W ignore:easy_install command is deprecated setup.py egg_info --egg-base ../../../build/camera build --build-base /home/aaltindas/DEOS/deos_ws/build/camera/build install --record /home/aaltindas/DEOS/deos_ws/build/camera/install.log --single-version-externally-managed install_data
