[4.412s] Invoking command in '/home/aaltindas/DEOS/deos_ws/src/sensors/imu': DEBUGINFOD_URLS=https://debuginfod.ubuntu.com PS1=(deos_env) \[\e]0;\u@\h: \w\a\]${debian_chroot:+($debian_chroot)}\[\033[01;32m\]\u@\h\[\033[00m\]:\[\033[01;34m\]\w\[\033[00m\]\$ PYTHONPATH=/home/aaltindas/DEOS/deos_ws/build/imu/prefix_override:/usr/lib/python3/dist-packages/colcon_core/task/python/colcon_distutils_commands:/home/aaltindas/DEOS/deos_ws/install/imu/lib/python3.12/site-packages:${PYTHONPATH} VIRTUAL_ENV_PROMPT=(deos_env) /usr/bin/python3 -W ignore:setup.py install is deprecated -W ignore:easy_install command is deprecated setup.py egg_info --egg-base ../../../build/imu build --build-base /home/aaltindas/DEOS/deos_ws/build/imu/build install --record /home/aaltindas/DEOS/deos_ws/build/imu/install.log --single-version-externally-managed install_data
[5.470s] running egg_info
[5.470s] creating ../../../build/imu/imu.egg-info
[5.547s] writing ../../../build/imu/imu.egg-info/PKG-INFO
[5.547s] writing dependency_links to ../../../build/imu/imu.egg-info/dependency_links.txt
[5.547s] writing requirements to ../../../build/imu/imu.egg-info/requires.txt
[5.548s] writing top-level names to ../../../build/imu/imu.egg-info/top_level.txt
[5.548s] writing manifest file '../../../build/imu/imu.egg-info/SOURCES.txt'
[5.672s] reading manifest file '../../../build/imu/imu.egg-info/SOURCES.txt'
[5.677s] writing manifest file '../../../build/imu/imu.egg-info/SOURCES.txt'
[5.677s] running build
[5.677s] running build_py
[5.677s] creating /home/aaltindas/DEOS/deos_ws/build/imu/build
[5.678s] creating /home/aaltindas/DEOS/deos_ws/build/imu/build/lib
[5.678s] creating /home/aaltindas/DEOS/deos_ws/build/imu/build/lib/imu
[5.678s] copying imu/__init__.py -> /home/aaltindas/DEOS/deos_ws/build/imu/build/lib/imu
[5.678s] running install
[5.717s] running install_lib
[5.857s] creating /home/aaltindas/DEOS/deos_ws/install/imu/lib/python3.12/site-packages/imu
[5.858s] copying /home/aaltindas/DEOS/deos_ws/build/imu/build/lib/imu/__init__.py -> /home/aaltindas/DEOS/deos_ws/install/imu/lib/python3.12/site-packages/imu
[5.861s] byte-compiling /home/aaltindas/DEOS/deos_ws/install/imu/lib/python3.12/site-packages/imu/__init__.py to __init__.cpython-312.pyc
[5.862s] running install_data
[5.863s] creating /home/aaltindas/DEOS/deos_ws/install/imu/share/ament_index
[5.863s] creating /home/aaltindas/DEOS/deos_ws/install/imu/share/ament_index/resource_index
[5.864s] creating /home/aaltindas/DEOS/deos_ws/install/imu/share/ament_index/resource_index/packages
[5.866s] copying resource/imu -> /home/aaltindas/DEOS/deos_ws/install/imu/share/ament_index/resource_index/packages
[5.867s] copying package.xml -> /home/aaltindas/DEOS/deos_ws/install/imu/share/imu
[5.868s] running install_egg_info
[5.937s] Copying ../../../build/imu/imu.egg-info to /home/aaltindas/DEOS/deos_ws/install/imu/lib/python3.12/site-packages/imu-0.0.0-py3.12.egg-info
[5.939s] running install_scripts
[6.397s] writing list of installed files to '/home/aaltindas/DEOS/deos_ws/build/imu/install.log'
[6.959s] Invoked command in '/home/aaltindas/DEOS/deos_ws/src/sensors/imu' returned '0': DEBUGINFOD_URLS=https://debuginfod.ubuntu.com PS1=(deos_env) \[\e]0;\u@\h: \w\a\]${debian_chroot:+($debian_chroot)}\[\033[01;32m\]\u@\h\[\033[00m\]:\[\033[01;34m\]\w\[\033[00m\]\$ PYTHONPATH=/home/aaltindas/DEOS/deos_ws/build/imu/prefix_override:/usr/lib/python3/dist-packages/colcon_core/task/python/colcon_distutils_commands:/home/aaltindas/DEOS/deos_ws/install/imu/lib/python3.12/site-packages:${PYTHONPATH} VIRTUAL_ENV_PROMPT=(deos_env) /usr/bin/python3 -W ignore:setup.py install is deprecated -W ignore:easy_install command is deprecated setup.py egg_info --egg-base ../../../build/imu build --build-base /home/aaltindas/DEOS/deos_ws/build/imu/build install --record /home/aaltindas/DEOS/deos_ws/build/imu/install.log --single-version-externally-managed install_data
