running egg_info
creating ../../../../build/vision_bridge/vision_bridge.egg-info
writing ../../../../build/vision_bridge/vision_bridge.egg-info/PKG-INFO
writing dependency_links to ../../../../build/vision_bridge/vision_bridge.egg-info/dependency_links.txt
writing entry points to ../../../../build/vision_bridge/vision_bridge.egg-info/entry_points.txt
writing requirements to ../../../../build/vision_bridge/vision_bridge.egg-info/requires.txt
writing top-level names to ../../../../build/vision_bridge/vision_bridge.egg-info/top_level.txt
writing manifest file '../../../../build/vision_bridge/vision_bridge.egg-info/SOURCES.txt'
reading manifest file '../../../../build/vision_bridge/vision_bridge.egg-info/SOURCES.txt'
writing manifest file '../../../../build/vision_bridge/vision_bridge.egg-info/SOURCES.txt'
running build
running build_py
creating /home/aaltindas/DEOS/deos_ws/build/vision_bridge/build
creating /home/aaltindas/DEOS/deos_ws/build/vision_bridge/build/lib
creating /home/aaltindas/DEOS/deos_ws/build/vision_bridge/build/lib/vision_bridge
copying vision_bridge/__init__.py -> /home/aaltindas/DEOS/deos_ws/build/vision_bridge/build/lib/vision_bridge
copying vision_bridge/vision_bridge.node.py -> /home/aaltindas/DEOS/deos_ws/build/vision_bridge/build/lib/vision_bridge
running install
running install_lib
creating /home/aaltindas/DEOS/deos_ws/install/vision_bridge/lib/python3.12/site-packages/vision_bridge
copying /home/aaltindas/DEOS/deos_ws/build/vision_bridge/build/lib/vision_bridge/__init__.py -> /home/aaltindas/DEOS/deos_ws/install/vision_bridge/lib/python3.12/site-packages/vision_bridge
copying /home/aaltindas/DEOS/deos_ws/build/vision_bridge/build/lib/vision_bridge/vision_bridge.node.py -> /home/aaltindas/DEOS/deos_ws/install/vision_bridge/lib/python3.12/site-packages/vision_bridge
byte-compiling /home/aaltindas/DEOS/deos_ws/install/vision_bridge/lib/python3.12/site-packages/vision_bridge/__init__.py to __init__.cpython-312.pyc
byte-compiling /home/aaltindas/DEOS/deos_ws/install/vision_bridge/lib/python3.12/site-packages/vision_bridge/vision_bridge.node.py to vision_bridge.node.cpython-312.pyc
running install_data
creating /home/aaltindas/DEOS/deos_ws/install/vision_bridge/share/ament_index
creating /home/aaltindas/DEOS/deos_ws/install/vision_bridge/share/ament_index/resource_index
creating /home/aaltindas/DEOS/deos_ws/install/vision_bridge/share/ament_index/resource_index/packages
copying resource/vision_bridge -> /home/aaltindas/DEOS/deos_ws/install/vision_bridge/share/ament_index/resource_index/packages
copying package.xml -> /home/aaltindas/DEOS/deos_ws/install/vision_bridge/share/vision_bridge
running install_egg_info
Copying ../../../../build/vision_bridge/vision_bridge.egg-info to /home/aaltindas/DEOS/deos_ws/install/vision_bridge/lib/python3.12/site-packages/vision_bridge-0.0.0-py3.12.egg-info
running install_scripts
Installing vision_bridge_node script to /home/aaltindas/DEOS/deos_ws/install/vision_bridge/lib/vision_bridge
writing list of installed files to '/home/aaltindas/DEOS/deos_ws/build/vision_bridge/install.log'
