[2.898s] Invoking command in '/home/aaltindas/DEOS/deos_ws/src/perception/obstacle_detection/vision_bridge': DEBUGINFOD_URLS=https://debuginfod.ubuntu.com PS1=(deos_env) \[\e]0;\u@\h: \w\a\]${debian_chroot:+($debian_chroot)}\[\033[01;32m\]\u@\h\[\033[00m\]:\[\033[01;34m\]\w\[\033[00m\]\$ PYTHONPATH=/home/aaltindas/DEOS/deos_ws/build/vision_bridge/prefix_override:/usr/lib/python3/dist-packages/colcon_core/task/python/colcon_distutils_commands:/home/aaltindas/DEOS/deos_ws/install/vision_bridge/lib/python3.12/site-packages:${PYTHONPATH} VIRTUAL_ENV_PROMPT=(deos_env) /usr/bin/python3 -W ignore:setup.py install is deprecated -W ignore:easy_install command is deprecated setup.py egg_info --egg-base ../../../../build/vision_bridge build --build-base /home/aaltindas/DEOS/deos_ws/build/vision_bridge/build install --record /home/aaltindas/DEOS/deos_ws/build/vision_bridge/install.log --single-version-externally-managed install_data
[3.451s] running egg_info
[3.452s] creating ../../../../build/vision_bridge/vision_bridge.egg-info
[3.494s] writing ../../../../build/vision_bridge/vision_bridge.egg-info/PKG-INFO
[3.494s] writing dependency_links to ../../../../build/vision_bridge/vision_bridge.egg-info/dependency_links.txt
[3.495s] writing entry points to ../../../../build/vision_bridge/vision_bridge.egg-info/entry_points.txt
[3.495s] writing requirements to ../../../../build/vision_bridge/vision_bridge.egg-info/requires.txt
[3.495s] writing top-level names to ../../../../build/vision_bridge/vision_bridge.egg-info/top_level.txt
[3.495s] writing manifest file '../../../../build/vision_bridge/vision_bridge.egg-info/SOURCES.txt'
[3.584s] reading manifest file '../../../../build/vision_bridge/vision_bridge.egg-info/SOURCES.txt'
[3.585s] writing manifest file '../../../../build/vision_bridge/vision_bridge.egg-info/SOURCES.txt'
[3.585s] running build
[3.585s] running build_py
[3.585s] creating /home/aaltindas/DEOS/deos_ws/build/vision_bridge/build
[3.586s] creating /home/aaltindas/DEOS/deos_ws/build/vision_bridge/build/lib
[3.586s] creating /home/aaltindas/DEOS/deos_ws/build/vision_bridge/build/lib/vision_bridge
[3.586s] copying vision_bridge/__init__.py -> /home/aaltindas/DEOS/deos_ws/build/vision_bridge/build/lib/vision_bridge
[3.586s] copying vision_bridge/vision_bridge.node.py -> /home/aaltindas/DEOS/deos_ws/build/vision_bridge/build/lib/vision_bridge
[3.586s] running install
[3.597s] running install_lib
[3.640s] creating /home/aaltindas/DEOS/deos_ws/install/vision_bridge/lib/python3.12/site-packages/vision_bridge
[3.641s] copying /home/aaltindas/DEOS/deos_ws/build/vision_bridge/build/lib/vision_bridge/__init__.py -> /home/aaltindas/DEOS/deos_ws/install/vision_bridge/lib/python3.12/site-packages/vision_bridge
[3.642s] copying /home/aaltindas/DEOS/deos_ws/build/vision_bridge/build/lib/vision_bridge/vision_bridge.node.py -> /home/aaltindas/DEOS/deos_ws/install/vision_bridge/lib/python3.12/site-packages/vision_bridge
[3.642s] byte-compiling /home/aaltindas/DEOS/deos_ws/install/vision_bridge/lib/python3.12/site-packages/vision_bridge/__init__.py to __init__.cpython-312.pyc
[3.643s] byte-compiling /home/aaltindas/DEOS/deos_ws/install/vision_bridge/lib/python3.12/site-packages/vision_bridge/vision_bridge.node.py to vision_bridge.node.cpython-312.pyc
[3.644s] running install_data
[3.644s] creating /home/aaltindas/DEOS/deos_ws/install/vision_bridge/share/ament_index
[3.645s] creating /home/aaltindas/DEOS/deos_ws/install/vision_bridge/share/ament_index/resource_index
[3.645s] creating /home/aaltindas/DEOS/deos_ws/install/vision_bridge/share/ament_index/resource_index/packages
[3.645s] copying resource/vision_bridge -> /home/aaltindas/DEOS/deos_ws/install/vision_bridge/share/ament_index/resource_index/packages
[3.645s] copying package.xml -> /home/aaltindas/DEOS/deos_ws/install/vision_bridge/share/vision_bridge
[3.645s] running install_egg_info
[3.686s] Copying ../../../../build/vision_bridge/vision_bridge.egg-info to /home/aaltindas/DEOS/deos_ws/install/vision_bridge/lib/python3.12/site-packages/vision_bridge-0.0.0-py3.12.egg-info
[3.687s] running install_scripts
[3.964s] Installing vision_bridge_node script to /home/aaltindas/DEOS/deos_ws/install/vision_bridge/lib/vision_bridge
[3.965s] writing list of installed files to '/home/aaltindas/DEOS/deos_ws/build/vision_bridge/install.log'
[4.075s] Invoked command in '/home/aaltindas/DEOS/deos_ws/src/perception/obstacle_detection/vision_bridge' returned '0': DEBUGINFOD_URLS=https://debuginfod.ubuntu.com PS1=(deos_env) \[\e]0;\u@\h: \w\a\]${debian_chroot:+($debian_chroot)}\[\033[01;32m\]\u@\h\[\033[00m\]:\[\033[01;34m\]\w\[\033[00m\]\$ PYTHONPATH=/home/aaltindas/DEOS/deos_ws/build/vision_bridge/prefix_override:/usr/lib/python3/dist-packages/colcon_core/task/python/colcon_distutils_commands:/home/aaltindas/DEOS/deos_ws/install/vision_bridge/lib/python3.12/site-packages:${PYTHONPATH} VIRTUAL_ENV_PROMPT=(deos_env) /usr/bin/python3 -W ignore:setup.py install is deprecated -W ignore:easy_install command is deprecated setup.py egg_info --egg-base ../../../../build/vision_bridge build --build-base /home/aaltindas/DEOS/deos_ws/build/vision_bridge/build install --record /home/aaltindas/DEOS/deos_ws/build/vision_bridge/install.log --single-version-externally-managed install_data
