running egg_info
creating ../../../build/vehicle_controller/vehicle_controller.egg-info
writing ../../../build/vehicle_controller/vehicle_controller.egg-info/PKG-INFO
writing dependency_links to ../../../build/vehicle_controller/vehicle_controller.egg-info/dependency_links.txt
writing requirements to ../../../build/vehicle_controller/vehicle_controller.egg-info/requires.txt
writing top-level names to ../../../build/vehicle_controller/vehicle_controller.egg-info/top_level.txt
writing manifest file '../../../build/vehicle_controller/vehicle_controller.egg-info/SOURCES.txt'
reading manifest file '../../../build/vehicle_controller/vehicle_controller.egg-info/SOURCES.txt'
writing manifest file '../../../build/vehicle_controller/vehicle_controller.egg-info/SOURCES.txt'
running build
running build_py
creating /home/aaltindas/DEOS/deos_ws/build/vehicle_controller/build
creating /home/aaltindas/DEOS/deos_ws/build/vehicle_controller/build/lib
creating /home/aaltindas/DEOS/deos_ws/build/vehicle_controller/build/lib/vehicle_controller
copying vehicle_controller/__init__.py -> /home/aaltindas/DEOS/deos_ws/build/vehicle_controller/build/lib/vehicle_controller
running install
running install_lib
creating /home/aaltindas/DEOS/deos_ws/install/vehicle_controller/lib/python3.12/site-packages/vehicle_controller
copying /home/aaltindas/DEOS/deos_ws/build/vehicle_controller/build/lib/vehicle_controller/__init__.py -> /home/aaltindas/DEOS/deos_ws/install/vehicle_controller/lib/python3.12/site-packages/vehicle_controller
byte-compiling /home/aaltindas/DEOS/deos_ws/install/vehicle_controller/lib/python3.12/site-packages/vehicle_controller/__init__.py to __init__.cpython-312.pyc
running install_data
creating /home/aaltindas/DEOS/deos_ws/install/vehicle_controller/share/ament_index
creating /home/aaltindas/DEOS/deos_ws/install/vehicle_controller/share/ament_index/resource_index
creating /home/aaltindas/DEOS/deos_ws/install/vehicle_controller/share/ament_index/resource_index/packages
copying resource/vehicle_controller -> /home/aaltindas/DEOS/deos_ws/install/vehicle_controller/share/ament_index/resource_index/packages
copying package.xml -> /home/aaltindas/DEOS/deos_ws/install/vehicle_controller/share/vehicle_controller
running install_egg_info
Copying ../../../build/vehicle_controller/vehicle_controller.egg-info to /home/aaltindas/DEOS/deos_ws/install/vehicle_controller/lib/python3.12/site-packages/vehicle_controller-0.0.0-py3.12.egg-info
running install_scripts
writing list of installed files to '/home/aaltindas/DEOS/deos_ws/build/vehicle_controller/install.log'
