[3.597s] Invoking command in '/home/aaltindas/DEOS/deos_ws/src/control/vehicle_controller': DEBUGINFOD_URLS=https://debuginfod.ubuntu.com PS1=(deos_env) \[\e]0;\u@\h: \w\a\]${debian_chroot:+($debian_chroot)}\[\033[01;32m\]\u@\h\[\033[00m\]:\[\033[01;34m\]\w\[\033[00m\]\$ PYTHONPATH=/home/aaltindas/DEOS/deos_ws/build/vehicle_controller/prefix_override:/usr/lib/python3/dist-packages/colcon_core/task/python/colcon_distutils_commands:/home/aaltindas/DEOS/deos_ws/install/vehicle_controller/lib/python3.12/site-packages:${PYTHONPATH} VIRTUAL_ENV_PROMPT=(deos_env) /usr/bin/python3 -W ignore:setup.py install is deprecated -W ignore:easy_install command is deprecated setup.py egg_info --egg-base ../../../build/vehicle_controller build --build-base /home/aaltindas/DEOS/deos_ws/build/vehicle_controller/build install --record /home/aaltindas/DEOS/deos_ws/build/vehicle_controller/install.log --single-version-externally-managed install_data
[4.292s] running egg_info
[4.292s] creating ../../../build/vehicle_controller/vehicle_controller.egg-info
[4.343s] writing ../../../build/vehicle_controller/vehicle_controller.egg-info/PKG-INFO
[4.345s] writing dependency_links to ../../../build/vehicle_controller/vehicle_controller.egg-info/dependency_links.txt
[4.345s] writing requirements to ../../../build/vehicle_controller/vehicle_controller.egg-info/requires.txt
[4.345s] writing top-level names to ../../../build/vehicle_controller/vehicle_controller.egg-info/top_level.txt
[4.345s] writing manifest file '../../../build/vehicle_controller/vehicle_controller.egg-info/SOURCES.txt'
[4.455s] reading manifest file '../../../build/vehicle_controller/vehicle_controller.egg-info/SOURCES.txt'
[4.457s] writing manifest file '../../../build/vehicle_controller/vehicle_controller.egg-info/SOURCES.txt'
[4.457s] running build
[4.457s] running build_py
[4.457s] creating /home/aaltindas/DEOS/deos_ws/build/vehicle_controller/build
[4.457s] creating /home/aaltindas/DEOS/deos_ws/build/vehicle_controller/build/lib
[4.457s] creating /home/aaltindas/DEOS/deos_ws/build/vehicle_controller/build/lib/vehicle_controller
[4.458s] copying vehicle_controller/__init__.py -> /home/aaltindas/DEOS/deos_ws/build/vehicle_controller/build/lib/vehicle_controller
[4.458s] running install
[4.473s] running install_lib
[4.518s] creating /home/aaltindas/DEOS/deos_ws/install/vehicle_controller/lib/python3.12/site-packages/vehicle_controller
[4.519s] copying /home/aaltindas/DEOS/deos_ws/build/vehicle_controller/build/lib/vehicle_controller/__init__.py -> /home/aaltindas/DEOS/deos_ws/install/vehicle_controller/lib/python3.12/site-packages/vehicle_controller
[4.519s] byte-compiling /home/aaltindas/DEOS/deos_ws/install/vehicle_controller/lib/python3.12/site-packages/vehicle_controller/__init__.py to __init__.cpython-312.pyc
[4.520s] running install_data
[4.520s] creating /home/aaltindas/DEOS/deos_ws/install/vehicle_controller/share/ament_index
[4.520s] creating /home/aaltindas/DEOS/deos_ws/install/vehicle_controller/share/ament_index/resource_index
[4.520s] creating /home/aaltindas/DEOS/deos_ws/install/vehicle_controller/share/ament_index/resource_index/packages
[4.520s] copying resource/vehicle_controller -> /home/aaltindas/DEOS/deos_ws/install/vehicle_controller/share/ament_index/resource_index/packages
[4.521s] copying package.xml -> /home/aaltindas/DEOS/deos_ws/install/vehicle_controller/share/vehicle_controller
[4.521s] running install_egg_info
[4.568s] Copying ../../../build/vehicle_controller/vehicle_controller.egg-info to /home/aaltindas/DEOS/deos_ws/install/vehicle_controller/lib/python3.12/site-packages/vehicle_controller-0.0.0-py3.12.egg-info
[4.571s] running install_scripts
[4.962s] writing list of installed files to '/home/aaltindas/DEOS/deos_ws/build/vehicle_controller/install.log'
[5.113s] Invoked command in '/home/aaltindas/DEOS/deos_ws/src/control/vehicle_controller' returned '0': DEBUGINFOD_URLS=https://debuginfod.ubuntu.com PS1=(deos_env) \[\e]0;\u@\h: \w\a\]${debian_chroot:+($debian_chroot)}\[\033[01;32m\]\u@\h\[\033[00m\]:\[\033[01;34m\]\w\[\033[00m\]\$ PYTHONPATH=/home/aaltindas/DEOS/deos_ws/build/vehicle_controller/prefix_override:/usr/lib/python3/dist-packages/colcon_core/task/python/colcon_distutils_commands:/home/aaltindas/DEOS/deos_ws/install/vehicle_controller/lib/python3.12/site-packages:${PYTHONPATH} VIRTUAL_ENV_PROMPT=(deos_env) /usr/bin/python3 -W ignore:setup.py install is deprecated -W ignore:easy_install command is deprecated setup.py egg_info --egg-base ../../../build/vehicle_controller build --build-base /home/aaltindas/DEOS/deos_ws/build/vehicle_controller/build install --record /home/aaltindas/DEOS/deos_ws/build/vehicle_controller/install.log --single-version-externally-managed install_data
