running egg_info
creating ../../../build/lidar/lidar.egg-info
writing ../../../build/lidar/lidar.egg-info/PKG-INFO
writing dependency_links to ../../../build/lidar/lidar.egg-info/dependency_links.txt
writing requirements to ../../../build/lidar/lidar.egg-info/requires.txt
writing top-level names to ../../../build/lidar/lidar.egg-info/top_level.txt
writing manifest file '../../../build/lidar/lidar.egg-info/SOURCES.txt'
reading manifest file '../../../build/lidar/lidar.egg-info/SOURCES.txt'
writing manifest file '../../../build/lidar/lidar.egg-info/SOURCES.txt'
running build
running install
running install_data
creating /home/aaltindas/DEOS/deos_ws/install/lidar/share/ament_index
creating /home/aaltindas/DEOS/deos_ws/install/lidar/share/ament_index/resource_index
creating /home/aaltindas/DEOS/deos_ws/install/lidar/share/ament_index/resource_index/packages
copying resource/lidar -> /home/aaltindas/DEOS/deos_ws/install/lidar/share/ament_index/resource_index/packages
copying package.xml -> /home/aaltindas/DEOS/deos_ws/install/lidar/share/lidar
creating /home/aaltindas/DEOS/deos_ws/install/lidar/share/lidar/launch
running install_egg_info
Copying ../../../build/lidar/lidar.egg-info to /home/aaltindas/DEOS/deos_ws/install/lidar/lib/python3.12/site-packages/lidar-0.0.0-py3.12.egg-info
running install_scripts
writing list of installed files to '/home/aaltindas/DEOS/deos_ws/build/lidar/install.log'
