[2.688s] Invoking command in '/home/aaltindas/DEOS/deos_ws/src/vehicle_bringup': AMENT_PREFIX_PATH=/home/aaltindas/DEOS/deos_ws/install/sensor_fusion:/home/aaltindas/DEOS/deos_ws/install/lidar:/home/aaltindas/DEOS/deos_ws/install/vision_bridge:/home/aaltindas/DEOS/deos_ws/install/vehicle_controller:/home/aaltindas/DEOS/deos_ws/install/vehicle_bringup:/home/aaltindas/DEOS/deos_ws/install/mission_planning:/home/aaltindas/DEOS/deos_ws/install/micro_ros_agent:/home/aaltindas/DEOS/deos_ws/install/local_navigation:/home/aaltindas/DEOS/deos_ws/install/imu:/home/aaltindas/DEOS/deos_ws/install/camera:/opt/ros/jazzy DEBUGINFOD_URLS=https://debuginfod.ubuntu.com PS1=(deos_env) \[\e]0;\u@\h: \w\a\]${debian_chroot:+($debian_chroot)}\[\033[01;32m\]\u@\h\[\033[00m\]:\[\033[01;34m\]\w\[\033[00m\]\$ PYTHONPATH=/home/aaltindas/DEOS/deos_ws/build/vehicle_bringup/prefix_override:/usr/lib/python3/dist-packages/colcon_core/task/python/colcon_distutils_commands:/home/aaltindas/DEOS/deos_ws/install/vehicle_bringup/lib/python3.12/site-packages:/home/aaltindas/DEOS/deos_ws/install/sensor_fusion/lib/python3.12/site-packages:/home/aaltindas/DEOS/deos_ws/install/lidar/lib/python3.12/site-packages:/home/aaltindas/DEOS/deos_ws/install/vision_bridge/lib/python3.12/site-packages:/home/aaltindas/DEOS/deos_ws/install/vehicle_controller/lib/python3.12/site-packages:/home/aaltindas/DEOS/deos_ws/install/vehicle_bringup/lib/python3.12/site-packages:/home/aaltindas/DEOS/deos_ws/install/mission_planning/lib/python3.12/site-packages:/home/aaltindas/DEOS/deos_ws/install/micro_ros_agent/lib/python3.12/site-packages:/home/aaltindas/DEOS/deos_ws/install/local_navigation/lib/python3.12/site-packages:/home/aaltindas/DEOS/deos_ws/install/imu/lib/python3.12/site-packages:/home/aaltindas/DEOS/deos_ws/install/camera/lib/python3.12/site-packages:/opt/ros/jazzy/lib/python3.12/site-packages VIRTUAL_ENV_PROMPT=(deos_env) /usr/bin/python3 -W ignore:setup.py install is deprecated -W ignore:easy_install command is deprecated setup.py egg_info --egg-base ../../build/vehicle_bringup build --build-base /home/aaltindas/DEOS/deos_ws/build/vehicle_bringup/build install --record /home/aaltindas/DEOS/deos_ws/build/vehicle_bringup/install.log --single-version-externally-managed install_data
[3.211s] running egg_info
[3.213s] creating ../../build/vehicle_bringup/vehicle_bringup.egg-info
[3.253s] writing ../../build/vehicle_bringup/vehicle_bringup.egg-info/PKG-INFO
[3.254s] writing dependency_links to ../../build/vehicle_bringup/vehicle_bringup.egg-info/dependency_links.txt
[3.260s] writing requirements to ../../build/vehicle_bringup/vehicle_bringup.egg-info/requires.txt
[3.260s] writing top-level names to ../../build/vehicle_bringup/vehicle_bringup.egg-info/top_level.txt
[3.261s] writing manifest file '../../build/vehicle_bringup/vehicle_bringup.egg-info/SOURCES.txt'
[3.332s] reading manifest file '../../build/vehicle_bringup/vehicle_bringup.egg-info/SOURCES.txt'
[3.333s] writing manifest file '../../build/vehicle_bringup/vehicle_bringup.egg-info/SOURCES.txt'
[3.333s] running build
[3.333s] running build_py
[3.334s] creating /home/aaltindas/DEOS/deos_ws/build/vehicle_bringup/build
[3.334s] creating /home/aaltindas/DEOS/deos_ws/build/vehicle_bringup/build/lib
[3.334s] creating /home/aaltindas/DEOS/deos_ws/build/vehicle_bringup/build/lib/vehicle_bringup
[3.334s] copying vehicle_bringup/__init__.py -> /home/aaltindas/DEOS/deos_ws/build/vehicle_bringup/build/lib/vehicle_bringup
[3.334s] running install
[3.346s] running install_lib
[3.384s] creating /home/aaltindas/DEOS/deos_ws/install/vehicle_bringup/lib/python3.12/site-packages/vehicle_bringup
[3.384s] copying /home/aaltindas/DEOS/deos_ws/build/vehicle_bringup/build/lib/vehicle_bringup/__init__.py -> /home/aaltindas/DEOS/deos_ws/install/vehicle_bringup/lib/python3.12/site-packages/vehicle_bringup
[3.384s] byte-compiling /home/aaltindas/DEOS/deos_ws/install/vehicle_bringup/lib/python3.12/site-packages/vehicle_bringup/__init__.py to __init__.cpython-312.pyc
[3.385s] running install_data
[3.385s] creating /home/aaltindas/DEOS/deos_ws/install/vehicle_bringup/share/ament_index
[3.385s] creating /home/aaltindas/DEOS/deos_ws/install/vehicle_bringup/share/ament_index/resource_index
[3.385s] creating /home/aaltindas/DEOS/deos_ws/install/vehicle_bringup/share/ament_index/resource_index/packages
[3.386s] copying resource/vehicle_bringup -> /home/aaltindas/DEOS/deos_ws/install/vehicle_bringup/share/ament_index/resource_index/packages
[3.386s] copying package.xml -> /home/aaltindas/DEOS/deos_ws/install/vehicle_bringup/share/vehicle_bringup
[3.386s] creating /home/aaltindas/DEOS/deos_ws/install/vehicle_bringup/share/vehicle_bringup/launch
[3.386s] copying launch/sensorlocs.launch.py -> /home/aaltindas/DEOS/deos_ws/install/vehicle_bringup/share/vehicle_bringup/launch
[3.386s] copying launch/main.launch.py -> /home/aaltindas/DEOS/deos_ws/install/vehicle_bringup/share/vehicle_bringup/launch
[3.386s] running install_egg_info
[3.420s] Copying ../../build/vehicle_bringup/vehicle_bringup.egg-info to /home/aaltindas/DEOS/deos_ws/install/vehicle_bringup/lib/python3.12/site-packages/vehicle_bringup-0.1.0-py3.12.egg-info
[3.421s] running install_scripts
[3.674s] writing list of installed files to '/home/aaltindas/DEOS/deos_ws/build/vehicle_bringup/install.log'
[3.774s] Invoked command in '/home/aaltindas/DEOS/deos_ws/src/vehicle_bringup' returned '0': AMENT_PREFIX_PATH=/home/aaltindas/DEOS/deos_ws/install/sensor_fusion:/home/aaltindas/DEOS/deos_ws/install/lidar:/home/aaltindas/DEOS/deos_ws/install/vision_bridge:/home/aaltindas/DEOS/deos_ws/install/vehicle_controller:/home/aaltindas/DEOS/deos_ws/install/vehicle_bringup:/home/aaltindas/DEOS/deos_ws/install/mission_planning:/home/aaltindas/DEOS/deos_ws/install/micro_ros_agent:/home/aaltindas/DEOS/deos_ws/install/local_navigation:/home/aaltindas/DEOS/deos_ws/install/imu:/home/aaltindas/DEOS/deos_ws/install/camera:/opt/ros/jazzy DEBUGINFOD_URLS=https://debuginfod.ubuntu.com PS1=(deos_env) \[\e]0;\u@\h: \w\a\]${debian_chroot:+($debian_chroot)}\[\033[01;32m\]\u@\h\[\033[00m\]:\[\033[01;34m\]\w\[\033[00m\]\$ PYTHONPATH=/home/aaltindas/DEOS/deos_ws/build/vehicle_bringup/prefix_override:/usr/lib/python3/dist-packages/colcon_core/task/python/colcon_distutils_commands:/home/aaltindas/DEOS/deos_ws/install/vehicle_bringup/lib/python3.12/site-packages:/home/aaltindas/DEOS/deos_ws/install/sensor_fusion/lib/python3.12/site-packages:/home/aaltindas/DEOS/deos_ws/install/lidar/lib/python3.12/site-packages:/home/aaltindas/DEOS/deos_ws/install/vision_bridge/lib/python3.12/site-packages:/home/aaltindas/DEOS/deos_ws/install/vehicle_controller/lib/python3.12/site-packages:/home/aaltindas/DEOS/deos_ws/install/vehicle_bringup/lib/python3.12/site-packages:/home/aaltindas/DEOS/deos_ws/install/mission_planning/lib/python3.12/site-packages:/home/aaltindas/DEOS/deos_ws/install/micro_ros_agent/lib/python3.12/site-packages:/home/aaltindas/DEOS/deos_ws/install/local_navigation/lib/python3.12/site-packages:/home/aaltindas/DEOS/deos_ws/install/imu/lib/python3.12/site-packages:/home/aaltindas/DEOS/deos_ws/install/camera/lib/python3.12/site-packages:/opt/ros/jazzy/lib/python3.12/site-packages VIRTUAL_ENV_PROMPT=(deos_env) /usr/bin/python3 -W ignore:setup.py install is deprecated -W ignore:easy_install command is deprecated setup.py egg_info --egg-base ../../build/vehicle_bringup build --build-base /home/aaltindas/DEOS/deos_ws/build/vehicle_bringup/build install --record /home/aaltindas/DEOS/deos_ws/build/vehicle_bringup/install.log --single-version-externally-managed install_data
